The system is: Linux - 2.6.32-279.22.1.el6.x86_64 - x86_64
Compiling the C compiler identification source file "CMakeCCompilerId.c" succeeded.
Compiler: /cm/shared/apps/gcc/4.9.2/bin/gcc 
Build flags: 
Id flags: 

The output was:
0


Compilation of the C compiler identification source "CMakeCCompilerId.c" produced "a.out"

The C compiler identification is GNU, found in "/home/ulg/ace/aroyer/Tfe/Tfe/build/CMakeFiles/3.5.2/CompilerIdC/a.out"

Compiling the CXX compiler identification source file "CMakeCXXCompilerId.cpp" succeeded.
Compiler: /cm/shared/apps/gcc/4.9.2/bin/g++ 
Build flags: 
Id flags: 

The output was:
0


Compilation of the CXX compiler identification source "CMakeCXXCompilerId.cpp" produced "a.out"

The CXX compiler identification is GNU, found in "/home/ulg/ace/aroyer/Tfe/Tfe/build/CMakeFiles/3.5.2/CompilerIdCXX/a.out"

Determining if the C compiler works passed with the following output:
Change Dir: /home/ulg/ace/aroyer/Tfe/Tfe/build/CMakeFiles/CMakeTmp

Run Build Command:"/usr/bin/gmake" "cmTC_d7517/fast"
/usr/bin/gmake -f CMakeFiles/cmTC_d7517.dir/build.make CMakeFiles/cmTC_d7517.dir/build
gmake[1]: Entering directory `/home/users/a/r/aroyer/Tfe/Tfe/build/CMakeFiles/CMakeTmp'
Building C object CMakeFiles/cmTC_d7517.dir/testCCompiler.c.o
/cm/shared/apps/gcc/4.9.2/bin/gcc     -o CMakeFiles/cmTC_d7517.dir/testCCompiler.c.o   -c /home/ulg/ace/aroyer/Tfe/Tfe/build/CMakeFiles/CMakeTmp/testCCompiler.c
Linking C executable cmTC_d7517
/cm/shared/apps/cmake/3.5.2/bin/cmake -E cmake_link_script CMakeFiles/cmTC_d7517.dir/link.txt --verbose=1
/cm/shared/apps/gcc/4.9.2/bin/gcc       CMakeFiles/cmTC_d7517.dir/testCCompiler.c.o  -o cmTC_d7517 
gmake[1]: Leaving directory `/home/users/a/r/aroyer/Tfe/Tfe/build/CMakeFiles/CMakeTmp'


Detecting C compiler ABI info compiled with the following output:
Change Dir: /home/ulg/ace/aroyer/Tfe/Tfe/build/CMakeFiles/CMakeTmp

Run Build Command:"/usr/bin/gmake" "cmTC_5d18f/fast"
/usr/bin/gmake -f CMakeFiles/cmTC_5d18f.dir/build.make CMakeFiles/cmTC_5d18f.dir/build
gmake[1]: Entering directory `/home/users/a/r/aroyer/Tfe/Tfe/build/CMakeFiles/CMakeTmp'
Building C object CMakeFiles/cmTC_5d18f.dir/CMakeCCompilerABI.c.o
/cm/shared/apps/gcc/4.9.2/bin/gcc     -o CMakeFiles/cmTC_5d18f.dir/CMakeCCompilerABI.c.o   -c /cm/shared/apps/cmake/3.5.2/share/cmake-3.5/Modules/CMakeCCompilerABI.c
Linking C executable cmTC_5d18f
/cm/shared/apps/cmake/3.5.2/bin/cmake -E cmake_link_script CMakeFiles/cmTC_5d18f.dir/link.txt --verbose=1
/cm/shared/apps/gcc/4.9.2/bin/gcc      -v CMakeFiles/cmTC_5d18f.dir/CMakeCCompilerABI.c.o  -o cmTC_5d18f  
Using built-in specs.
COLLECT_GCC=/cm/shared/apps/gcc/4.9.2/bin/gcc
COLLECT_LTO_WRAPPER=/cm/shared/apps/gcc/4.9.2/libexec/gcc/x86_64-unknown-linux-gnu/4.9.2/lto-wrapper
Target: x86_64-unknown-linux-gnu
Configured with: ../configure --prefix=/cm/shared/apps/gcc/4.9.2 --enable-languages=c,c++,fortran
Thread model: posix
gcc version 4.9.2 (GCC) 
COMPILER_PATH=/cm/shared/apps/gcc/4.9.2/libexec/gcc/x86_64-unknown-linux-gnu/4.9.2/:/cm/shared/apps/gcc/4.9.2/libexec/gcc/x86_64-unknown-linux-gnu/4.9.2/:/cm/shared/apps/gcc/4.9.2/libexec/gcc/x86_64-unknown-linux-gnu/:/cm/shared/apps/gcc/4.9.2/lib/gcc/x86_64-unknown-linux-gnu/4.9.2/:/cm/shared/apps/gcc/4.9.2/lib/gcc/x86_64-unknown-linux-gnu/
LIBRARY_PATH=/cm/shared/apps/slurm/14.03.11/lib64/../lib64/:/cm/shared/apps/gcc/4.9.2/lib/gcc/x86_64-unknown-linux-gnu/4.9.2/:/cm/shared/apps/gcc/4.9.2/lib/gcc/x86_64-unknown-linux-gnu/4.9.2/../../../../lib64/:/lib/../lib64/:/usr/lib/../lib64/:/cm/shared/apps/intel/composer_xe/2013_sp1.3.174/compiler/lib/intel64/:/cm/shared/apps/intel/composer_xe/2013_sp1.3.174/mkl/lib/intel64/:/cm/shared/apps/intel/composer_xe/2013_sp1.3.174/tbb/lib/intel64/gcc4.4/:/cm/shared/apps/openblas/0.2.8-gcc481/lib/:/cm/shared/apps/slurm/14.03.11/lib64/slurm/:/cm/shared/apps/slurm/14.03.11/lib64/:/cm/shared/apps/gcc/4.9.2/lib/gcc/x86_64-unknown-linux-gnu/4.9.2/../../../:/lib/:/usr/lib/
COLLECT_GCC_OPTIONS='-v' '-o' 'cmTC_5d18f' '-mtune=generic' '-march=x86-64'
 /cm/shared/apps/gcc/4.9.2/libexec/gcc/x86_64-unknown-linux-gnu/4.9.2/collect2 --eh-frame-hdr -m elf_x86_64 -dynamic-linker /lib64/ld-linux-x86-64.so.2 -o cmTC_5d18f /usr/lib/../lib64/crt1.o /usr/lib/../lib64/crti.o /cm/shared/apps/gcc/4.9.2/lib/gcc/x86_64-unknown-linux-gnu/4.9.2/crtbegin.o -L/cm/shared/apps/slurm/14.03.11/lib64/../lib64 -L/cm/shared/apps/gcc/4.9.2/lib/gcc/x86_64-unknown-linux-gnu/4.9.2 -L/cm/shared/apps/gcc/4.9.2/lib/gcc/x86_64-unknown-linux-gnu/4.9.2/../../../../lib64 -L/lib/../lib64 -L/usr/lib/../lib64 -L/cm/shared/apps/intel/composer_xe/2013_sp1.3.174/compiler/lib/intel64 -L/cm/shared/apps/intel/composer_xe/2013_sp1.3.174/mkl/lib/intel64 -L/cm/shared/apps/intel/composer_xe/2013_sp1.3.174/tbb/lib/intel64/gcc4.4 -L/cm/shared/apps/openblas/0.2.8-gcc481/lib -L/cm/shared/apps/slurm/14.03.11/lib64/slurm -L/cm/shared/apps/slurm/14.03.11/lib64 -L/cm/shared/apps/gcc/4.9.2/lib/gcc/x86_64-unknown-linux-gnu/4.9.2/../../.. CMakeFiles/cmTC_5d18f.dir/CMakeCCompilerABI.c.o -lgcc --as-needed -lgcc_s --no-as-needed -lc -lgcc --as-needed -lgcc_s --no-as-needed /cm/shared/apps/gcc/4.9.2/lib/gcc/x86_64-unknown-linux-gnu/4.9.2/crtend.o /usr/lib/../lib64/crtn.o
gmake[1]: Leaving directory `/home/users/a/r/aroyer/Tfe/Tfe/build/CMakeFiles/CMakeTmp'


Parsed C implicit link information from above output:
  link line regex: [^( *|.*[/\])(ld|([^/\]+-)?ld|collect2)[^/\]*( |$)]
  ignore line: [Change Dir: /home/ulg/ace/aroyer/Tfe/Tfe/build/CMakeFiles/CMakeTmp]
  ignore line: []
  ignore line: [Run Build Command:"/usr/bin/gmake" "cmTC_5d18f/fast"]
  ignore line: [/usr/bin/gmake -f CMakeFiles/cmTC_5d18f.dir/build.make CMakeFiles/cmTC_5d18f.dir/build]
  ignore line: [gmake[1]: Entering directory `/home/users/a/r/aroyer/Tfe/Tfe/build/CMakeFiles/CMakeTmp']
  ignore line: [Building C object CMakeFiles/cmTC_5d18f.dir/CMakeCCompilerABI.c.o]
  ignore line: [/cm/shared/apps/gcc/4.9.2/bin/gcc     -o CMakeFiles/cmTC_5d18f.dir/CMakeCCompilerABI.c.o   -c /cm/shared/apps/cmake/3.5.2/share/cmake-3.5/Modules/CMakeCCompilerABI.c]
  ignore line: [Linking C executable cmTC_5d18f]
  ignore line: [/cm/shared/apps/cmake/3.5.2/bin/cmake -E cmake_link_script CMakeFiles/cmTC_5d18f.dir/link.txt --verbose=1]
  ignore line: [/cm/shared/apps/gcc/4.9.2/bin/gcc      -v CMakeFiles/cmTC_5d18f.dir/CMakeCCompilerABI.c.o  -o cmTC_5d18f  ]
  ignore line: [Using built-in specs.]
  ignore line: [COLLECT_GCC=/cm/shared/apps/gcc/4.9.2/bin/gcc]
  ignore line: [COLLECT_LTO_WRAPPER=/cm/shared/apps/gcc/4.9.2/libexec/gcc/x86_64-unknown-linux-gnu/4.9.2/lto-wrapper]
  ignore line: [Target: x86_64-unknown-linux-gnu]
  ignore line: [Configured with: ../configure --prefix=/cm/shared/apps/gcc/4.9.2 --enable-languages=c,c++,fortran]
  ignore line: [Thread model: posix]
  ignore line: [gcc version 4.9.2 (GCC) ]
  ignore line: [COMPILER_PATH=/cm/shared/apps/gcc/4.9.2/libexec/gcc/x86_64-unknown-linux-gnu/4.9.2/:/cm/shared/apps/gcc/4.9.2/libexec/gcc/x86_64-unknown-linux-gnu/4.9.2/:/cm/shared/apps/gcc/4.9.2/libexec/gcc/x86_64-unknown-linux-gnu/:/cm/shared/apps/gcc/4.9.2/lib/gcc/x86_64-unknown-linux-gnu/4.9.2/:/cm/shared/apps/gcc/4.9.2/lib/gcc/x86_64-unknown-linux-gnu/]
  ignore line: [LIBRARY_PATH=/cm/shared/apps/slurm/14.03.11/lib64/../lib64/:/cm/shared/apps/gcc/4.9.2/lib/gcc/x86_64-unknown-linux-gnu/4.9.2/:/cm/shared/apps/gcc/4.9.2/lib/gcc/x86_64-unknown-linux-gnu/4.9.2/../../../../lib64/:/lib/../lib64/:/usr/lib/../lib64/:/cm/shared/apps/intel/composer_xe/2013_sp1.3.174/compiler/lib/intel64/:/cm/shared/apps/intel/composer_xe/2013_sp1.3.174/mkl/lib/intel64/:/cm/shared/apps/intel/composer_xe/2013_sp1.3.174/tbb/lib/intel64/gcc4.4/:/cm/shared/apps/openblas/0.2.8-gcc481/lib/:/cm/shared/apps/slurm/14.03.11/lib64/slurm/:/cm/shared/apps/slurm/14.03.11/lib64/:/cm/shared/apps/gcc/4.9.2/lib/gcc/x86_64-unknown-linux-gnu/4.9.2/../../../:/lib/:/usr/lib/]
  ignore line: [COLLECT_GCC_OPTIONS='-v' '-o' 'cmTC_5d18f' '-mtune=generic' '-march=x86-64']
  link line: [ /cm/shared/apps/gcc/4.9.2/libexec/gcc/x86_64-unknown-linux-gnu/4.9.2/collect2 --eh-frame-hdr -m elf_x86_64 -dynamic-linker /lib64/ld-linux-x86-64.so.2 -o cmTC_5d18f /usr/lib/../lib64/crt1.o /usr/lib/../lib64/crti.o /cm/shared/apps/gcc/4.9.2/lib/gcc/x86_64-unknown-linux-gnu/4.9.2/crtbegin.o -L/cm/shared/apps/slurm/14.03.11/lib64/../lib64 -L/cm/shared/apps/gcc/4.9.2/lib/gcc/x86_64-unknown-linux-gnu/4.9.2 -L/cm/shared/apps/gcc/4.9.2/lib/gcc/x86_64-unknown-linux-gnu/4.9.2/../../../../lib64 -L/lib/../lib64 -L/usr/lib/../lib64 -L/cm/shared/apps/intel/composer_xe/2013_sp1.3.174/compiler/lib/intel64 -L/cm/shared/apps/intel/composer_xe/2013_sp1.3.174/mkl/lib/intel64 -L/cm/shared/apps/intel/composer_xe/2013_sp1.3.174/tbb/lib/intel64/gcc4.4 -L/cm/shared/apps/openblas/0.2.8-gcc481/lib -L/cm/shared/apps/slurm/14.03.11/lib64/slurm -L/cm/shared/apps/slurm/14.03.11/lib64 -L/cm/shared/apps/gcc/4.9.2/lib/gcc/x86_64-unknown-linux-gnu/4.9.2/../../.. CMakeFiles/cmTC_5d18f.dir/CMakeCCompilerABI.c.o -lgcc --as-needed -lgcc_s --no-as-needed -lc -lgcc --as-needed -lgcc_s --no-as-needed /cm/shared/apps/gcc/4.9.2/lib/gcc/x86_64-unknown-linux-gnu/4.9.2/crtend.o /usr/lib/../lib64/crtn.o]
    arg [/cm/shared/apps/gcc/4.9.2/libexec/gcc/x86_64-unknown-linux-gnu/4.9.2/collect2] ==> ignore
    arg [--eh-frame-hdr] ==> ignore
    arg [-m] ==> ignore
    arg [elf_x86_64] ==> ignore
    arg [-dynamic-linker] ==> ignore
    arg [/lib64/ld-linux-x86-64.so.2] ==> ignore
    arg [-o] ==> ignore
    arg [cmTC_5d18f] ==> ignore
    arg [/usr/lib/../lib64/crt1.o] ==> ignore
    arg [/usr/lib/../lib64/crti.o] ==> ignore
    arg [/cm/shared/apps/gcc/4.9.2/lib/gcc/x86_64-unknown-linux-gnu/4.9.2/crtbegin.o] ==> ignore
    arg [-L/cm/shared/apps/slurm/14.03.11/lib64/../lib64] ==> dir [/cm/shared/apps/slurm/14.03.11/lib64/../lib64]
    arg [-L/cm/shared/apps/gcc/4.9.2/lib/gcc/x86_64-unknown-linux-gnu/4.9.2] ==> dir [/cm/shared/apps/gcc/4.9.2/lib/gcc/x86_64-unknown-linux-gnu/4.9.2]
    arg [-L/cm/shared/apps/gcc/4.9.2/lib/gcc/x86_64-unknown-linux-gnu/4.9.2/../../../../lib64] ==> dir [/cm/shared/apps/gcc/4.9.2/lib/gcc/x86_64-unknown-linux-gnu/4.9.2/../../../../lib64]
    arg [-L/lib/../lib64] ==> dir [/lib/../lib64]
    arg [-L/usr/lib/../lib64] ==> dir [/usr/lib/../lib64]
    arg [-L/cm/shared/apps/intel/composer_xe/2013_sp1.3.174/compiler/lib/intel64] ==> dir [/cm/shared/apps/intel/composer_xe/2013_sp1.3.174/compiler/lib/intel64]
    arg [-L/cm/shared/apps/intel/composer_xe/2013_sp1.3.174/mkl/lib/intel64] ==> dir [/cm/shared/apps/intel/composer_xe/2013_sp1.3.174/mkl/lib/intel64]
    arg [-L/cm/shared/apps/intel/composer_xe/2013_sp1.3.174/tbb/lib/intel64/gcc4.4] ==> dir [/cm/shared/apps/intel/composer_xe/2013_sp1.3.174/tbb/lib/intel64/gcc4.4]
    arg [-L/cm/shared/apps/openblas/0.2.8-gcc481/lib] ==> dir [/cm/shared/apps/openblas/0.2.8-gcc481/lib]
    arg [-L/cm/shared/apps/slurm/14.03.11/lib64/slurm] ==> dir [/cm/shared/apps/slurm/14.03.11/lib64/slurm]
    arg [-L/cm/shared/apps/slurm/14.03.11/lib64] ==> dir [/cm/shared/apps/slurm/14.03.11/lib64]
    arg [-L/cm/shared/apps/gcc/4.9.2/lib/gcc/x86_64-unknown-linux-gnu/4.9.2/../../..] ==> dir [/cm/shared/apps/gcc/4.9.2/lib/gcc/x86_64-unknown-linux-gnu/4.9.2/../../..]
    arg [CMakeFiles/cmTC_5d18f.dir/CMakeCCompilerABI.c.o] ==> ignore
    arg [-lgcc] ==> lib [gcc]
    arg [--as-needed] ==> ignore
    arg [-lgcc_s] ==> lib [gcc_s]
    arg [--no-as-needed] ==> ignore
    arg [-lc] ==> lib [c]
    arg [-lgcc] ==> lib [gcc]
    arg [--as-needed] ==> ignore
    arg [-lgcc_s] ==> lib [gcc_s]
    arg [--no-as-needed] ==> ignore
    arg [/cm/shared/apps/gcc/4.9.2/lib/gcc/x86_64-unknown-linux-gnu/4.9.2/crtend.o] ==> ignore
    arg [/usr/lib/../lib64/crtn.o] ==> ignore
  remove lib [gcc]
  remove lib [gcc_s]
  remove lib [gcc]
  remove lib [gcc_s]
  collapse library dir [/cm/shared/apps/slurm/14.03.11/lib64/../lib64] ==> [/cm/shared/apps/slurm/14.03.11/lib64]
  collapse library dir [/cm/shared/apps/gcc/4.9.2/lib/gcc/x86_64-unknown-linux-gnu/4.9.2] ==> [/cm/shared/apps/gcc/4.9.2/lib/gcc/x86_64-unknown-linux-gnu/4.9.2]
  collapse library dir [/cm/shared/apps/gcc/4.9.2/lib/gcc/x86_64-unknown-linux-gnu/4.9.2/../../../../lib64] ==> [/cm/shared/apps/gcc/4.9.2/lib64]
  collapse library dir [/lib/../lib64] ==> [/lib64]
  collapse library dir [/usr/lib/../lib64] ==> [/usr/lib64]
  collapse library dir [/cm/shared/apps/intel/composer_xe/2013_sp1.3.174/compiler/lib/intel64] ==> [/cm/shared/apps/intel/composer_xe/2013_sp1.3.174/compiler/lib/intel64]
  collapse library dir [/cm/shared/apps/intel/composer_xe/2013_sp1.3.174/mkl/lib/intel64] ==> [/cm/shared/apps/intel/composer_xe/2013_sp1.3.174/mkl/lib/intel64]
  collapse library dir [/cm/shared/apps/intel/composer_xe/2013_sp1.3.174/tbb/lib/intel64/gcc4.4] ==> [/cm/shared/apps/intel/composer_xe/2013_sp1.3.174/tbb/lib/intel64/gcc4.4]
  collapse library dir [/cm/shared/apps/openblas/0.2.8-gcc481/lib] ==> [/cm/shared/apps/openblas/0.2.8-gcc481/lib]
  collapse library dir [/cm/shared/apps/slurm/14.03.11/lib64/slurm] ==> [/cm/shared/apps/slurm/14.03.11/lib64/slurm]
  collapse library dir [/cm/shared/apps/slurm/14.03.11/lib64] ==> [/cm/shared/apps/slurm/14.03.11/lib64]
  collapse library dir [/cm/shared/apps/gcc/4.9.2/lib/gcc/x86_64-unknown-linux-gnu/4.9.2/../../..] ==> [/cm/shared/apps/gcc/4.9.2/lib]
  implicit libs: [c]
  implicit dirs: [/cm/shared/apps/slurm/14.03.11/lib64;/cm/shared/apps/gcc/4.9.2/lib/gcc/x86_64-unknown-linux-gnu/4.9.2;/cm/shared/apps/gcc/4.9.2/lib64;/lib64;/usr/lib64;/cm/shared/apps/intel/composer_xe/2013_sp1.3.174/compiler/lib/intel64;/cm/shared/apps/intel/composer_xe/2013_sp1.3.174/mkl/lib/intel64;/cm/shared/apps/intel/composer_xe/2013_sp1.3.174/tbb/lib/intel64/gcc4.4;/cm/shared/apps/openblas/0.2.8-gcc481/lib;/cm/shared/apps/slurm/14.03.11/lib64/slurm;/cm/shared/apps/gcc/4.9.2/lib]
  implicit fwks: []




Detecting C [-std=c11] compiler features compiled with the following output:
Change Dir: /home/ulg/ace/aroyer/Tfe/Tfe/build/CMakeFiles/CMakeTmp

Run Build Command:"/usr/bin/gmake" "cmTC_1aa57/fast"
/usr/bin/gmake -f CMakeFiles/cmTC_1aa57.dir/build.make CMakeFiles/cmTC_1aa57.dir/build
gmake[1]: Entering directory `/home/users/a/r/aroyer/Tfe/Tfe/build/CMakeFiles/CMakeTmp'
Building C object CMakeFiles/cmTC_1aa57.dir/feature_tests.c.o
/cm/shared/apps/gcc/4.9.2/bin/gcc    -std=c11 -o CMakeFiles/cmTC_1aa57.dir/feature_tests.c.o   -c /home/ulg/ace/aroyer/Tfe/Tfe/build/CMakeFiles/feature_tests.c
Linking C executable cmTC_1aa57
/cm/shared/apps/cmake/3.5.2/bin/cmake -E cmake_link_script CMakeFiles/cmTC_1aa57.dir/link.txt --verbose=1
/cm/shared/apps/gcc/4.9.2/bin/gcc       CMakeFiles/cmTC_1aa57.dir/feature_tests.c.o  -o cmTC_1aa57 
gmake[1]: Leaving directory `/home/users/a/r/aroyer/Tfe/Tfe/build/CMakeFiles/CMakeTmp'


    Feature record: C_FEATURE:1c_function_prototypes
    Feature record: C_FEATURE:1c_restrict
    Feature record: C_FEATURE:1c_static_assert
    Feature record: C_FEATURE:1c_variadic_macros


Detecting C [-std=c99] compiler features compiled with the following output:
Change Dir: /home/ulg/ace/aroyer/Tfe/Tfe/build/CMakeFiles/CMakeTmp

Run Build Command:"/usr/bin/gmake" "cmTC_7509e/fast"
/usr/bin/gmake -f CMakeFiles/cmTC_7509e.dir/build.make CMakeFiles/cmTC_7509e.dir/build
gmake[1]: Entering directory `/home/users/a/r/aroyer/Tfe/Tfe/build/CMakeFiles/CMakeTmp'
Building C object CMakeFiles/cmTC_7509e.dir/feature_tests.c.o
/cm/shared/apps/gcc/4.9.2/bin/gcc    -std=c99 -o CMakeFiles/cmTC_7509e.dir/feature_tests.c.o   -c /home/ulg/ace/aroyer/Tfe/Tfe/build/CMakeFiles/feature_tests.c
Linking C executable cmTC_7509e
/cm/shared/apps/cmake/3.5.2/bin/cmake -E cmake_link_script CMakeFiles/cmTC_7509e.dir/link.txt --verbose=1
/cm/shared/apps/gcc/4.9.2/bin/gcc       CMakeFiles/cmTC_7509e.dir/feature_tests.c.o  -o cmTC_7509e 
gmake[1]: Leaving directory `/home/users/a/r/aroyer/Tfe/Tfe/build/CMakeFiles/CMakeTmp'


    Feature record: C_FEATURE:1c_function_prototypes
    Feature record: C_FEATURE:1c_restrict
    Feature record: C_FEATURE:0c_static_assert
    Feature record: C_FEATURE:1c_variadic_macros


Detecting C [-std=c90] compiler features compiled with the following output:
Change Dir: /home/ulg/ace/aroyer/Tfe/Tfe/build/CMakeFiles/CMakeTmp

Run Build Command:"/usr/bin/gmake" "cmTC_49872/fast"
/usr/bin/gmake -f CMakeFiles/cmTC_49872.dir/build.make CMakeFiles/cmTC_49872.dir/build
gmake[1]: Entering directory `/home/users/a/r/aroyer/Tfe/Tfe/build/CMakeFiles/CMakeTmp'
Building C object CMakeFiles/cmTC_49872.dir/feature_tests.c.o
/cm/shared/apps/gcc/4.9.2/bin/gcc    -std=c90 -o CMakeFiles/cmTC_49872.dir/feature_tests.c.o   -c /home/ulg/ace/aroyer/Tfe/Tfe/build/CMakeFiles/feature_tests.c
Linking C executable cmTC_49872
/cm/shared/apps/cmake/3.5.2/bin/cmake -E cmake_link_script CMakeFiles/cmTC_49872.dir/link.txt --verbose=1
/cm/shared/apps/gcc/4.9.2/bin/gcc       CMakeFiles/cmTC_49872.dir/feature_tests.c.o  -o cmTC_49872 
gmake[1]: Leaving directory `/home/users/a/r/aroyer/Tfe/Tfe/build/CMakeFiles/CMakeTmp'


    Feature record: C_FEATURE:1c_function_prototypes
    Feature record: C_FEATURE:0c_restrict
    Feature record: C_FEATURE:0c_static_assert
    Feature record: C_FEATURE:0c_variadic_macros
Determining if the CXX compiler works passed with the following output:
Change Dir: /home/ulg/ace/aroyer/Tfe/Tfe/build/CMakeFiles/CMakeTmp

Run Build Command:"/usr/bin/gmake" "cmTC_21380/fast"
/usr/bin/gmake -f CMakeFiles/cmTC_21380.dir/build.make CMakeFiles/cmTC_21380.dir/build
gmake[1]: Entering directory `/home/users/a/r/aroyer/Tfe/Tfe/build/CMakeFiles/CMakeTmp'
Building CXX object CMakeFiles/cmTC_21380.dir/testCXXCompiler.cxx.o
/cm/shared/apps/gcc/4.9.2/bin/g++      -o CMakeFiles/cmTC_21380.dir/testCXXCompiler.cxx.o -c /home/ulg/ace/aroyer/Tfe/Tfe/build/CMakeFiles/CMakeTmp/testCXXCompiler.cxx
Linking CXX executable cmTC_21380
/cm/shared/apps/cmake/3.5.2/bin/cmake -E cmake_link_script CMakeFiles/cmTC_21380.dir/link.txt --verbose=1
/cm/shared/apps/gcc/4.9.2/bin/g++        CMakeFiles/cmTC_21380.dir/testCXXCompiler.cxx.o  -o cmTC_21380 
gmake[1]: Leaving directory `/home/users/a/r/aroyer/Tfe/Tfe/build/CMakeFiles/CMakeTmp'


Detecting CXX compiler ABI info compiled with the following output:
Change Dir: /home/ulg/ace/aroyer/Tfe/Tfe/build/CMakeFiles/CMakeTmp

Run Build Command:"/usr/bin/gmake" "cmTC_d5580/fast"
/usr/bin/gmake -f CMakeFiles/cmTC_d5580.dir/build.make CMakeFiles/cmTC_d5580.dir/build
gmake[1]: Entering directory `/home/users/a/r/aroyer/Tfe/Tfe/build/CMakeFiles/CMakeTmp'
Building CXX object CMakeFiles/cmTC_d5580.dir/CMakeCXXCompilerABI.cpp.o
/cm/shared/apps/gcc/4.9.2/bin/g++      -o CMakeFiles/cmTC_d5580.dir/CMakeCXXCompilerABI.cpp.o -c /cm/shared/apps/cmake/3.5.2/share/cmake-3.5/Modules/CMakeCXXCompilerABI.cpp
Linking CXX executable cmTC_d5580
/cm/shared/apps/cmake/3.5.2/bin/cmake -E cmake_link_script CMakeFiles/cmTC_d5580.dir/link.txt --verbose=1
/cm/shared/apps/gcc/4.9.2/bin/g++       -v CMakeFiles/cmTC_d5580.dir/CMakeCXXCompilerABI.cpp.o  -o cmTC_d5580  
Using built-in specs.
COLLECT_GCC=/cm/shared/apps/gcc/4.9.2/bin/g++
COLLECT_LTO_WRAPPER=/cm/shared/apps/gcc/4.9.2/libexec/gcc/x86_64-unknown-linux-gnu/4.9.2/lto-wrapper
Target: x86_64-unknown-linux-gnu
Configured with: ../configure --prefix=/cm/shared/apps/gcc/4.9.2 --enable-languages=c,c++,fortran
Thread model: posix
gcc version 4.9.2 (GCC) 
COMPILER_PATH=/cm/shared/apps/gcc/4.9.2/libexec/gcc/x86_64-unknown-linux-gnu/4.9.2/:/cm/shared/apps/gcc/4.9.2/libexec/gcc/x86_64-unknown-linux-gnu/4.9.2/:/cm/shared/apps/gcc/4.9.2/libexec/gcc/x86_64-unknown-linux-gnu/:/cm/shared/apps/gcc/4.9.2/lib/gcc/x86_64-unknown-linux-gnu/4.9.2/:/cm/shared/apps/gcc/4.9.2/lib/gcc/x86_64-unknown-linux-gnu/
LIBRARY_PATH=/cm/shared/apps/slurm/14.03.11/lib64/../lib64/:/cm/shared/apps/gcc/4.9.2/lib/gcc/x86_64-unknown-linux-gnu/4.9.2/:/cm/shared/apps/gcc/4.9.2/lib/gcc/x86_64-unknown-linux-gnu/4.9.2/../../../../lib64/:/lib/../lib64/:/usr/lib/../lib64/:/cm/shared/apps/intel/composer_xe/2013_sp1.3.174/compiler/lib/intel64/:/cm/shared/apps/intel/composer_xe/2013_sp1.3.174/mkl/lib/intel64/:/cm/shared/apps/intel/composer_xe/2013_sp1.3.174/tbb/lib/intel64/gcc4.4/:/cm/shared/apps/openblas/0.2.8-gcc481/lib/:/cm/shared/apps/slurm/14.03.11/lib64/slurm/:/cm/shared/apps/slurm/14.03.11/lib64/:/cm/shared/apps/gcc/4.9.2/lib/gcc/x86_64-unknown-linux-gnu/4.9.2/../../../:/lib/:/usr/lib/
COLLECT_GCC_OPTIONS='-v' '-o' 'cmTC_d5580' '-shared-libgcc' '-mtune=generic' '-march=x86-64'
 /cm/shared/apps/gcc/4.9.2/libexec/gcc/x86_64-unknown-linux-gnu/4.9.2/collect2 --eh-frame-hdr -m elf_x86_64 -dynamic-linker /lib64/ld-linux-x86-64.so.2 -o cmTC_d5580 /usr/lib/../lib64/crt1.o /usr/lib/../lib64/crti.o /cm/shared/apps/gcc/4.9.2/lib/gcc/x86_64-unknown-linux-gnu/4.9.2/crtbegin.o -L/cm/shared/apps/slurm/14.03.11/lib64/../lib64 -L/cm/shared/apps/gcc/4.9.2/lib/gcc/x86_64-unknown-linux-gnu/4.9.2 -L/cm/shared/apps/gcc/4.9.2/lib/gcc/x86_64-unknown-linux-gnu/4.9.2/../../../../lib64 -L/lib/../lib64 -L/usr/lib/../lib64 -L/cm/shared/apps/intel/composer_xe/2013_sp1.3.174/compiler/lib/intel64 -L/cm/shared/apps/intel/composer_xe/2013_sp1.3.174/mkl/lib/intel64 -L/cm/shared/apps/intel/composer_xe/2013_sp1.3.174/tbb/lib/intel64/gcc4.4 -L/cm/shared/apps/openblas/0.2.8-gcc481/lib -L/cm/shared/apps/slurm/14.03.11/lib64/slurm -L/cm/shared/apps/slurm/14.03.11/lib64 -L/cm/shared/apps/gcc/4.9.2/lib/gcc/x86_64-unknown-linux-gnu/4.9.2/../../.. CMakeFiles/cmTC_d5580.dir/CMakeCXXCompilerABI.cpp.o -lstdc++ -lm -lgcc_s -lgcc -lc -lgcc_s -lgcc /cm/shared/apps/gcc/4.9.2/lib/gcc/x86_64-unknown-linux-gnu/4.9.2/crtend.o /usr/lib/../lib64/crtn.o
gmake[1]: Leaving directory `/home/users/a/r/aroyer/Tfe/Tfe/build/CMakeFiles/CMakeTmp'


Parsed CXX implicit link information from above output:
  link line regex: [^( *|.*[/\])(ld|([^/\]+-)?ld|collect2)[^/\]*( |$)]
  ignore line: [Change Dir: /home/ulg/ace/aroyer/Tfe/Tfe/build/CMakeFiles/CMakeTmp]
  ignore line: []
  ignore line: [Run Build Command:"/usr/bin/gmake" "cmTC_d5580/fast"]
  ignore line: [/usr/bin/gmake -f CMakeFiles/cmTC_d5580.dir/build.make CMakeFiles/cmTC_d5580.dir/build]
  ignore line: [gmake[1]: Entering directory `/home/users/a/r/aroyer/Tfe/Tfe/build/CMakeFiles/CMakeTmp']
  ignore line: [Building CXX object CMakeFiles/cmTC_d5580.dir/CMakeCXXCompilerABI.cpp.o]
  ignore line: [/cm/shared/apps/gcc/4.9.2/bin/g++      -o CMakeFiles/cmTC_d5580.dir/CMakeCXXCompilerABI.cpp.o -c /cm/shared/apps/cmake/3.5.2/share/cmake-3.5/Modules/CMakeCXXCompilerABI.cpp]
  ignore line: [Linking CXX executable cmTC_d5580]
  ignore line: [/cm/shared/apps/cmake/3.5.2/bin/cmake -E cmake_link_script CMakeFiles/cmTC_d5580.dir/link.txt --verbose=1]
  ignore line: [/cm/shared/apps/gcc/4.9.2/bin/g++       -v CMakeFiles/cmTC_d5580.dir/CMakeCXXCompilerABI.cpp.o  -o cmTC_d5580  ]
  ignore line: [Using built-in specs.]
  ignore line: [COLLECT_GCC=/cm/shared/apps/gcc/4.9.2/bin/g++]
  ignore line: [COLLECT_LTO_WRAPPER=/cm/shared/apps/gcc/4.9.2/libexec/gcc/x86_64-unknown-linux-gnu/4.9.2/lto-wrapper]
  ignore line: [Target: x86_64-unknown-linux-gnu]
  ignore line: [Configured with: ../configure --prefix=/cm/shared/apps/gcc/4.9.2 --enable-languages=c,c++,fortran]
  ignore line: [Thread model: posix]
  ignore line: [gcc version 4.9.2 (GCC) ]
  ignore line: [COMPILER_PATH=/cm/shared/apps/gcc/4.9.2/libexec/gcc/x86_64-unknown-linux-gnu/4.9.2/:/cm/shared/apps/gcc/4.9.2/libexec/gcc/x86_64-unknown-linux-gnu/4.9.2/:/cm/shared/apps/gcc/4.9.2/libexec/gcc/x86_64-unknown-linux-gnu/:/cm/shared/apps/gcc/4.9.2/lib/gcc/x86_64-unknown-linux-gnu/4.9.2/:/cm/shared/apps/gcc/4.9.2/lib/gcc/x86_64-unknown-linux-gnu/]
  ignore line: [LIBRARY_PATH=/cm/shared/apps/slurm/14.03.11/lib64/../lib64/:/cm/shared/apps/gcc/4.9.2/lib/gcc/x86_64-unknown-linux-gnu/4.9.2/:/cm/shared/apps/gcc/4.9.2/lib/gcc/x86_64-unknown-linux-gnu/4.9.2/../../../../lib64/:/lib/../lib64/:/usr/lib/../lib64/:/cm/shared/apps/intel/composer_xe/2013_sp1.3.174/compiler/lib/intel64/:/cm/shared/apps/intel/composer_xe/2013_sp1.3.174/mkl/lib/intel64/:/cm/shared/apps/intel/composer_xe/2013_sp1.3.174/tbb/lib/intel64/gcc4.4/:/cm/shared/apps/openblas/0.2.8-gcc481/lib/:/cm/shared/apps/slurm/14.03.11/lib64/slurm/:/cm/shared/apps/slurm/14.03.11/lib64/:/cm/shared/apps/gcc/4.9.2/lib/gcc/x86_64-unknown-linux-gnu/4.9.2/../../../:/lib/:/usr/lib/]
  ignore line: [COLLECT_GCC_OPTIONS='-v' '-o' 'cmTC_d5580' '-shared-libgcc' '-mtune=generic' '-march=x86-64']
  link line: [ /cm/shared/apps/gcc/4.9.2/libexec/gcc/x86_64-unknown-linux-gnu/4.9.2/collect2 --eh-frame-hdr -m elf_x86_64 -dynamic-linker /lib64/ld-linux-x86-64.so.2 -o cmTC_d5580 /usr/lib/../lib64/crt1.o /usr/lib/../lib64/crti.o /cm/shared/apps/gcc/4.9.2/lib/gcc/x86_64-unknown-linux-gnu/4.9.2/crtbegin.o -L/cm/shared/apps/slurm/14.03.11/lib64/../lib64 -L/cm/shared/apps/gcc/4.9.2/lib/gcc/x86_64-unknown-linux-gnu/4.9.2 -L/cm/shared/apps/gcc/4.9.2/lib/gcc/x86_64-unknown-linux-gnu/4.9.2/../../../../lib64 -L/lib/../lib64 -L/usr/lib/../lib64 -L/cm/shared/apps/intel/composer_xe/2013_sp1.3.174/compiler/lib/intel64 -L/cm/shared/apps/intel/composer_xe/2013_sp1.3.174/mkl/lib/intel64 -L/cm/shared/apps/intel/composer_xe/2013_sp1.3.174/tbb/lib/intel64/gcc4.4 -L/cm/shared/apps/openblas/0.2.8-gcc481/lib -L/cm/shared/apps/slurm/14.03.11/lib64/slurm -L/cm/shared/apps/slurm/14.03.11/lib64 -L/cm/shared/apps/gcc/4.9.2/lib/gcc/x86_64-unknown-linux-gnu/4.9.2/../../.. CMakeFiles/cmTC_d5580.dir/CMakeCXXCompilerABI.cpp.o -lstdc++ -lm -lgcc_s -lgcc -lc -lgcc_s -lgcc /cm/shared/apps/gcc/4.9.2/lib/gcc/x86_64-unknown-linux-gnu/4.9.2/crtend.o /usr/lib/../lib64/crtn.o]
    arg [/cm/shared/apps/gcc/4.9.2/libexec/gcc/x86_64-unknown-linux-gnu/4.9.2/collect2] ==> ignore
    arg [--eh-frame-hdr] ==> ignore
    arg [-m] ==> ignore
    arg [elf_x86_64] ==> ignore
    arg [-dynamic-linker] ==> ignore
    arg [/lib64/ld-linux-x86-64.so.2] ==> ignore
    arg [-o] ==> ignore
    arg [cmTC_d5580] ==> ignore
    arg [/usr/lib/../lib64/crt1.o] ==> ignore
    arg [/usr/lib/../lib64/crti.o] ==> ignore
    arg [/cm/shared/apps/gcc/4.9.2/lib/gcc/x86_64-unknown-linux-gnu/4.9.2/crtbegin.o] ==> ignore
    arg [-L/cm/shared/apps/slurm/14.03.11/lib64/../lib64] ==> dir [/cm/shared/apps/slurm/14.03.11/lib64/../lib64]
    arg [-L/cm/shared/apps/gcc/4.9.2/lib/gcc/x86_64-unknown-linux-gnu/4.9.2] ==> dir [/cm/shared/apps/gcc/4.9.2/lib/gcc/x86_64-unknown-linux-gnu/4.9.2]
    arg [-L/cm/shared/apps/gcc/4.9.2/lib/gcc/x86_64-unknown-linux-gnu/4.9.2/../../../../lib64] ==> dir [/cm/shared/apps/gcc/4.9.2/lib/gcc/x86_64-unknown-linux-gnu/4.9.2/../../../../lib64]
    arg [-L/lib/../lib64] ==> dir [/lib/../lib64]
    arg [-L/usr/lib/../lib64] ==> dir [/usr/lib/../lib64]
    arg [-L/cm/shared/apps/intel/composer_xe/2013_sp1.3.174/compiler/lib/intel64] ==> dir [/cm/shared/apps/intel/composer_xe/2013_sp1.3.174/compiler/lib/intel64]
    arg [-L/cm/shared/apps/intel/composer_xe/2013_sp1.3.174/mkl/lib/intel64] ==> dir [/cm/shared/apps/intel/composer_xe/2013_sp1.3.174/mkl/lib/intel64]
    arg [-L/cm/shared/apps/intel/composer_xe/2013_sp1.3.174/tbb/lib/intel64/gcc4.4] ==> dir [/cm/shared/apps/intel/composer_xe/2013_sp1.3.174/tbb/lib/intel64/gcc4.4]
    arg [-L/cm/shared/apps/openblas/0.2.8-gcc481/lib] ==> dir [/cm/shared/apps/openblas/0.2.8-gcc481/lib]
    arg [-L/cm/shared/apps/slurm/14.03.11/lib64/slurm] ==> dir [/cm/shared/apps/slurm/14.03.11/lib64/slurm]
    arg [-L/cm/shared/apps/slurm/14.03.11/lib64] ==> dir [/cm/shared/apps/slurm/14.03.11/lib64]
    arg [-L/cm/shared/apps/gcc/4.9.2/lib/gcc/x86_64-unknown-linux-gnu/4.9.2/../../..] ==> dir [/cm/shared/apps/gcc/4.9.2/lib/gcc/x86_64-unknown-linux-gnu/4.9.2/../../..]
    arg [CMakeFiles/cmTC_d5580.dir/CMakeCXXCompilerABI.cpp.o] ==> ignore
    arg [-lstdc++] ==> lib [stdc++]
    arg [-lm] ==> lib [m]
    arg [-lgcc_s] ==> lib [gcc_s]
    arg [-lgcc] ==> lib [gcc]
    arg [-lc] ==> lib [c]
    arg [-lgcc_s] ==> lib [gcc_s]
    arg [-lgcc] ==> lib [gcc]
    arg [/cm/shared/apps/gcc/4.9.2/lib/gcc/x86_64-unknown-linux-gnu/4.9.2/crtend.o] ==> ignore
    arg [/usr/lib/../lib64/crtn.o] ==> ignore
  remove lib [gcc_s]
  remove lib [gcc]
  remove lib [gcc_s]
  remove lib [gcc]
  collapse library dir [/cm/shared/apps/slurm/14.03.11/lib64/../lib64] ==> [/cm/shared/apps/slurm/14.03.11/lib64]
  collapse library dir [/cm/shared/apps/gcc/4.9.2/lib/gcc/x86_64-unknown-linux-gnu/4.9.2] ==> [/cm/shared/apps/gcc/4.9.2/lib/gcc/x86_64-unknown-linux-gnu/4.9.2]
  collapse library dir [/cm/shared/apps/gcc/4.9.2/lib/gcc/x86_64-unknown-linux-gnu/4.9.2/../../../../lib64] ==> [/cm/shared/apps/gcc/4.9.2/lib64]
  collapse library dir [/lib/../lib64] ==> [/lib64]
  collapse library dir [/usr/lib/../lib64] ==> [/usr/lib64]
  collapse library dir [/cm/shared/apps/intel/composer_xe/2013_sp1.3.174/compiler/lib/intel64] ==> [/cm/shared/apps/intel/composer_xe/2013_sp1.3.174/compiler/lib/intel64]
  collapse library dir [/cm/shared/apps/intel/composer_xe/2013_sp1.3.174/mkl/lib/intel64] ==> [/cm/shared/apps/intel/composer_xe/2013_sp1.3.174/mkl/lib/intel64]
  collapse library dir [/cm/shared/apps/intel/composer_xe/2013_sp1.3.174/tbb/lib/intel64/gcc4.4] ==> [/cm/shared/apps/intel/composer_xe/2013_sp1.3.174/tbb/lib/intel64/gcc4.4]
  collapse library dir [/cm/shared/apps/openblas/0.2.8-gcc481/lib] ==> [/cm/shared/apps/openblas/0.2.8-gcc481/lib]
  collapse library dir [/cm/shared/apps/slurm/14.03.11/lib64/slurm] ==> [/cm/shared/apps/slurm/14.03.11/lib64/slurm]
  collapse library dir [/cm/shared/apps/slurm/14.03.11/lib64] ==> [/cm/shared/apps/slurm/14.03.11/lib64]
  collapse library dir [/cm/shared/apps/gcc/4.9.2/lib/gcc/x86_64-unknown-linux-gnu/4.9.2/../../..] ==> [/cm/shared/apps/gcc/4.9.2/lib]
  implicit libs: [stdc++;m;c]
  implicit dirs: [/cm/shared/apps/slurm/14.03.11/lib64;/cm/shared/apps/gcc/4.9.2/lib/gcc/x86_64-unknown-linux-gnu/4.9.2;/cm/shared/apps/gcc/4.9.2/lib64;/lib64;/usr/lib64;/cm/shared/apps/intel/composer_xe/2013_sp1.3.174/compiler/lib/intel64;/cm/shared/apps/intel/composer_xe/2013_sp1.3.174/mkl/lib/intel64;/cm/shared/apps/intel/composer_xe/2013_sp1.3.174/tbb/lib/intel64/gcc4.4;/cm/shared/apps/openblas/0.2.8-gcc481/lib;/cm/shared/apps/slurm/14.03.11/lib64/slurm;/cm/shared/apps/gcc/4.9.2/lib]
  implicit fwks: []




Detecting CXX [-std=c++14] compiler features compiled with the following output:
Change Dir: /home/ulg/ace/aroyer/Tfe/Tfe/build/CMakeFiles/CMakeTmp

Run Build Command:"/usr/bin/gmake" "cmTC_ae0f7/fast"
/usr/bin/gmake -f CMakeFiles/cmTC_ae0f7.dir/build.make CMakeFiles/cmTC_ae0f7.dir/build
gmake[1]: Entering directory `/home/users/a/r/aroyer/Tfe/Tfe/build/CMakeFiles/CMakeTmp'
Building CXX object CMakeFiles/cmTC_ae0f7.dir/feature_tests.cxx.o
/cm/shared/apps/gcc/4.9.2/bin/g++     -std=c++14 -o CMakeFiles/cmTC_ae0f7.dir/feature_tests.cxx.o -c /home/ulg/ace/aroyer/Tfe/Tfe/build/CMakeFiles/feature_tests.cxx
Linking CXX executable cmTC_ae0f7
/cm/shared/apps/cmake/3.5.2/bin/cmake -E cmake_link_script CMakeFiles/cmTC_ae0f7.dir/link.txt --verbose=1
/cm/shared/apps/gcc/4.9.2/bin/g++        CMakeFiles/cmTC_ae0f7.dir/feature_tests.cxx.o  -o cmTC_ae0f7 
gmake[1]: Leaving directory `/home/users/a/r/aroyer/Tfe/Tfe/build/CMakeFiles/CMakeTmp'


    Feature record: CXX_FEATURE:0cxx_aggregate_default_initializers
    Feature record: CXX_FEATURE:1cxx_alias_templates
    Feature record: CXX_FEATURE:1cxx_alignas
    Feature record: CXX_FEATURE:1cxx_alignof
    Feature record: CXX_FEATURE:1cxx_attributes
    Feature record: CXX_FEATURE:1cxx_attribute_deprecated
    Feature record: CXX_FEATURE:1cxx_auto_type
    Feature record: CXX_FEATURE:1cxx_binary_literals
    Feature record: CXX_FEATURE:1cxx_constexpr
    Feature record: CXX_FEATURE:1cxx_contextual_conversions
    Feature record: CXX_FEATURE:1cxx_decltype
    Feature record: CXX_FEATURE:1cxx_decltype_auto
    Feature record: CXX_FEATURE:1cxx_decltype_incomplete_return_types
    Feature record: CXX_FEATURE:1cxx_default_function_template_args
    Feature record: CXX_FEATURE:1cxx_defaulted_functions
    Feature record: CXX_FEATURE:1cxx_defaulted_move_initializers
    Feature record: CXX_FEATURE:1cxx_delegating_constructors
    Feature record: CXX_FEATURE:1cxx_deleted_functions
    Feature record: CXX_FEATURE:1cxx_digit_separators
    Feature record: CXX_FEATURE:1cxx_enum_forward_declarations
    Feature record: CXX_FEATURE:1cxx_explicit_conversions
    Feature record: CXX_FEATURE:1cxx_extended_friend_declarations
    Feature record: CXX_FEATURE:1cxx_extern_templates
    Feature record: CXX_FEATURE:1cxx_final
    Feature record: CXX_FEATURE:1cxx_func_identifier
    Feature record: CXX_FEATURE:1cxx_generalized_initializers
    Feature record: CXX_FEATURE:1cxx_generic_lambdas
    Feature record: CXX_FEATURE:1cxx_inheriting_constructors
    Feature record: CXX_FEATURE:1cxx_inline_namespaces
    Feature record: CXX_FEATURE:1cxx_lambdas
    Feature record: CXX_FEATURE:1cxx_lambda_init_captures
    Feature record: CXX_FEATURE:1cxx_local_type_template_args
    Feature record: CXX_FEATURE:1cxx_long_long_type
    Feature record: CXX_FEATURE:1cxx_noexcept
    Feature record: CXX_FEATURE:1cxx_nonstatic_member_init
    Feature record: CXX_FEATURE:1cxx_nullptr
    Feature record: CXX_FEATURE:1cxx_override
    Feature record: CXX_FEATURE:1cxx_range_for
    Feature record: CXX_FEATURE:1cxx_raw_string_literals
    Feature record: CXX_FEATURE:1cxx_reference_qualified_functions
    Feature record: CXX_FEATURE:0cxx_relaxed_constexpr
    Feature record: CXX_FEATURE:1cxx_return_type_deduction
    Feature record: CXX_FEATURE:1cxx_right_angle_brackets
    Feature record: CXX_FEATURE:1cxx_rvalue_references
    Feature record: CXX_FEATURE:1cxx_sizeof_member
    Feature record: CXX_FEATURE:1cxx_static_assert
    Feature record: CXX_FEATURE:1cxx_strong_enums
    Feature record: CXX_FEATURE:1cxx_template_template_parameters
    Feature record: CXX_FEATURE:1cxx_thread_local
    Feature record: CXX_FEATURE:1cxx_trailing_return_types
    Feature record: CXX_FEATURE:1cxx_unicode_literals
    Feature record: CXX_FEATURE:1cxx_uniform_initialization
    Feature record: CXX_FEATURE:1cxx_unrestricted_unions
    Feature record: CXX_FEATURE:1cxx_user_literals
    Feature record: CXX_FEATURE:0cxx_variable_templates
    Feature record: CXX_FEATURE:1cxx_variadic_macros
    Feature record: CXX_FEATURE:1cxx_variadic_templates


Detecting CXX [-std=c++11] compiler features compiled with the following output:
Change Dir: /home/ulg/ace/aroyer/Tfe/Tfe/build/CMakeFiles/CMakeTmp

Run Build Command:"/usr/bin/gmake" "cmTC_7baed/fast"
/usr/bin/gmake -f CMakeFiles/cmTC_7baed.dir/build.make CMakeFiles/cmTC_7baed.dir/build
gmake[1]: Entering directory `/home/users/a/r/aroyer/Tfe/Tfe/build/CMakeFiles/CMakeTmp'
Building CXX object CMakeFiles/cmTC_7baed.dir/feature_tests.cxx.o
/cm/shared/apps/gcc/4.9.2/bin/g++     -std=c++11 -o CMakeFiles/cmTC_7baed.dir/feature_tests.cxx.o -c /home/ulg/ace/aroyer/Tfe/Tfe/build/CMakeFiles/feature_tests.cxx
Linking CXX executable cmTC_7baed
/cm/shared/apps/cmake/3.5.2/bin/cmake -E cmake_link_script CMakeFiles/cmTC_7baed.dir/link.txt --verbose=1
/cm/shared/apps/gcc/4.9.2/bin/g++        CMakeFiles/cmTC_7baed.dir/feature_tests.cxx.o  -o cmTC_7baed 
gmake[1]: Leaving directory `/home/users/a/r/aroyer/Tfe/Tfe/build/CMakeFiles/CMakeTmp'


    Feature record: CXX_FEATURE:0cxx_aggregate_default_initializers
    Feature record: CXX_FEATURE:1cxx_alias_templates
    Feature record: CXX_FEATURE:1cxx_alignas
    Feature record: CXX_FEATURE:1cxx_alignof
    Feature record: CXX_FEATURE:1cxx_attributes
    Feature record: CXX_FEATURE:0cxx_attribute_deprecated
    Feature record: CXX_FEATURE:1cxx_auto_type
    Feature record: CXX_FEATURE:0cxx_binary_literals
    Feature record: CXX_FEATURE:1cxx_constexpr
    Feature record: CXX_FEATURE:0cxx_contextual_conversions
    Feature record: CXX_FEATURE:1cxx_decltype
    Feature record: CXX_FEATURE:0cxx_decltype_auto
    Feature record: CXX_FEATURE:1cxx_decltype_incomplete_return_types
    Feature record: CXX_FEATURE:1cxx_default_function_template_args
    Feature record: CXX_FEATURE:1cxx_defaulted_functions
    Feature record: CXX_FEATURE:1cxx_defaulted_move_initializers
    Feature record: CXX_FEATURE:1cxx_delegating_constructors
    Feature record: CXX_FEATURE:1cxx_deleted_functions
    Feature record: CXX_FEATURE:0cxx_digit_separators
    Feature record: CXX_FEATURE:1cxx_enum_forward_declarations
    Feature record: CXX_FEATURE:1cxx_explicit_conversions
    Feature record: CXX_FEATURE:1cxx_extended_friend_declarations
    Feature record: CXX_FEATURE:1cxx_extern_templates
    Feature record: CXX_FEATURE:1cxx_final
    Feature record: CXX_FEATURE:1cxx_func_identifier
    Feature record: CXX_FEATURE:1cxx_generalized_initializers
    Feature record: CXX_FEATURE:0cxx_generic_lambdas
    Feature record: CXX_FEATURE:1cxx_inheriting_constructors
    Feature record: CXX_FEATURE:1cxx_inline_namespaces
    Feature record: CXX_FEATURE:1cxx_lambdas
    Feature record: CXX_FEATURE:0cxx_lambda_init_captures
    Feature record: CXX_FEATURE:1cxx_local_type_template_args
    Feature record: CXX_FEATURE:1cxx_long_long_type
    Feature record: CXX_FEATURE:1cxx_noexcept
    Feature record: CXX_FEATURE:1cxx_nonstatic_member_init
    Feature record: CXX_FEATURE:1cxx_nullptr
    Feature record: CXX_FEATURE:1cxx_override
    Feature record: CXX_FEATURE:1cxx_range_for
    Feature record: CXX_FEATURE:1cxx_raw_string_literals
    Feature record: CXX_FEATURE:1cxx_reference_qualified_functions
    Feature record: CXX_FEATURE:0cxx_relaxed_constexpr
    Feature record: CXX_FEATURE:0cxx_return_type_deduction
    Feature record: CXX_FEATURE:1cxx_right_angle_brackets
    Feature record: CXX_FEATURE:1cxx_rvalue_references
    Feature record: CXX_FEATURE:1cxx_sizeof_member
    Feature record: CXX_FEATURE:1cxx_static_assert
    Feature record: CXX_FEATURE:1cxx_strong_enums
    Feature record: CXX_FEATURE:1cxx_template_template_parameters
    Feature record: CXX_FEATURE:1cxx_thread_local
    Feature record: CXX_FEATURE:1cxx_trailing_return_types
    Feature record: CXX_FEATURE:1cxx_unicode_literals
    Feature record: CXX_FEATURE:1cxx_uniform_initialization
    Feature record: CXX_FEATURE:1cxx_unrestricted_unions
    Feature record: CXX_FEATURE:1cxx_user_literals
    Feature record: CXX_FEATURE:0cxx_variable_templates
    Feature record: CXX_FEATURE:1cxx_variadic_macros
    Feature record: CXX_FEATURE:1cxx_variadic_templates


Detecting CXX [-std=c++98] compiler features compiled with the following output:
Change Dir: /home/ulg/ace/aroyer/Tfe/Tfe/build/CMakeFiles/CMakeTmp

Run Build Command:"/usr/bin/gmake" "cmTC_a6a29/fast"
/usr/bin/gmake -f CMakeFiles/cmTC_a6a29.dir/build.make CMakeFiles/cmTC_a6a29.dir/build
gmake[1]: Entering directory `/home/users/a/r/aroyer/Tfe/Tfe/build/CMakeFiles/CMakeTmp'
Building CXX object CMakeFiles/cmTC_a6a29.dir/feature_tests.cxx.o
/cm/shared/apps/gcc/4.9.2/bin/g++     -std=c++98 -o CMakeFiles/cmTC_a6a29.dir/feature_tests.cxx.o -c /home/ulg/ace/aroyer/Tfe/Tfe/build/CMakeFiles/feature_tests.cxx
Linking CXX executable cmTC_a6a29
/cm/shared/apps/cmake/3.5.2/bin/cmake -E cmake_link_script CMakeFiles/cmTC_a6a29.dir/link.txt --verbose=1
/cm/shared/apps/gcc/4.9.2/bin/g++        CMakeFiles/cmTC_a6a29.dir/feature_tests.cxx.o  -o cmTC_a6a29 
gmake[1]: Leaving directory `/home/users/a/r/aroyer/Tfe/Tfe/build/CMakeFiles/CMakeTmp'


    Feature record: CXX_FEATURE:0cxx_aggregate_default_initializers
    Feature record: CXX_FEATURE:0cxx_alias_templates
    Feature record: CXX_FEATURE:0cxx_alignas
    Feature record: CXX_FEATURE:0cxx_alignof
    Feature record: CXX_FEATURE:0cxx_attributes
    Feature record: CXX_FEATURE:0cxx_attribute_deprecated
    Feature record: CXX_FEATURE:0cxx_auto_type
    Feature record: CXX_FEATURE:0cxx_binary_literals
    Feature record: CXX_FEATURE:0cxx_constexpr
    Feature record: CXX_FEATURE:0cxx_contextual_conversions
    Feature record: CXX_FEATURE:0cxx_decltype
    Feature record: CXX_FEATURE:0cxx_decltype_auto
    Feature record: CXX_FEATURE:0cxx_decltype_incomplete_return_types
    Feature record: CXX_FEATURE:0cxx_default_function_template_args
    Feature record: CXX_FEATURE:0cxx_defaulted_functions
    Feature record: CXX_FEATURE:0cxx_defaulted_move_initializers
    Feature record: CXX_FEATURE:0cxx_delegating_constructors
    Feature record: CXX_FEATURE:0cxx_deleted_functions
    Feature record: CXX_FEATURE:0cxx_digit_separators
    Feature record: CXX_FEATURE:0cxx_enum_forward_declarations
    Feature record: CXX_FEATURE:0cxx_explicit_conversions
    Feature record: CXX_FEATURE:0cxx_extended_friend_declarations
    Feature record: CXX_FEATURE:0cxx_extern_templates
    Feature record: CXX_FEATURE:0cxx_final
    Feature record: CXX_FEATURE:0cxx_func_identifier
    Feature record: CXX_FEATURE:0cxx_generalized_initializers
    Feature record: CXX_FEATURE:0cxx_generic_lambdas
    Feature record: CXX_FEATURE:0cxx_inheriting_constructors
    Feature record: CXX_FEATURE:0cxx_inline_namespaces
    Feature record: CXX_FEATURE:0cxx_lambdas
    Feature record: CXX_FEATURE:0cxx_lambda_init_captures
    Feature record: CXX_FEATURE:0cxx_local_type_template_args
    Feature record: CXX_FEATURE:0cxx_long_long_type
    Feature record: CXX_FEATURE:0cxx_noexcept
    Feature record: CXX_FEATURE:0cxx_nonstatic_member_init
    Feature record: CXX_FEATURE:0cxx_nullptr
    Feature record: CXX_FEATURE:0cxx_override
    Feature record: CXX_FEATURE:0cxx_range_for
    Feature record: CXX_FEATURE:0cxx_raw_string_literals
    Feature record: CXX_FEATURE:0cxx_reference_qualified_functions
    Feature record: CXX_FEATURE:0cxx_relaxed_constexpr
    Feature record: CXX_FEATURE:0cxx_return_type_deduction
    Feature record: CXX_FEATURE:0cxx_right_angle_brackets
    Feature record: CXX_FEATURE:0cxx_rvalue_references
    Feature record: CXX_FEATURE:0cxx_sizeof_member
    Feature record: CXX_FEATURE:0cxx_static_assert
    Feature record: CXX_FEATURE:0cxx_strong_enums
    Feature record: CXX_FEATURE:1cxx_template_template_parameters
    Feature record: CXX_FEATURE:0cxx_thread_local
    Feature record: CXX_FEATURE:0cxx_trailing_return_types
    Feature record: CXX_FEATURE:0cxx_unicode_literals
    Feature record: CXX_FEATURE:0cxx_uniform_initialization
    Feature record: CXX_FEATURE:0cxx_unrestricted_unions
    Feature record: CXX_FEATURE:0cxx_user_literals
    Feature record: CXX_FEATURE:0cxx_variable_templates
    Feature record: CXX_FEATURE:0cxx_variadic_macros
    Feature record: CXX_FEATURE:0cxx_variadic_templates
